2014/08/11 17:04:24 [error] [exception.CException] exception 'CException' with message 'CityController cannot find the requested view "/_form".' in Y:\home\localhost\www\YiiPath\framework\web\CController.php:878
Stack trace:
#0 Y:\home\localhost\www\yii_city_game\protected\views\city\admin.php(46): CController->renderPartial('/_form', Array)
#1 Y:\home\localhost\www\YiiPath\framework\web\CBaseController.php(126): require('Y:\home\localho...')
#2 Y:\home\localhost\www\YiiPath\framework\web\CBaseController.php(95): CBaseController->renderInternal('Y:\home\localho...', Array, true)
#3 Y:\home\localhost\www\YiiPath\framework\web\CController.php(869): CBaseController->renderFile('Y:\home\localho...', Array, true)
#4 Y:\home\localhost\www\YiiPath\framework\web\CController.php(782): CController->renderPartial('admin', Array, true)
#5 Y:\home\localhost\www\yii_city_game\protected\controllers\CityController.php(145): CController->render('admin', Array)
#6 Y:\home\localhost\www\YiiPath\framework\web\actions\CInlineAction.php(49): CityController->actionAdmin()
#7 Y:\home\localhost\www\YiiPath\framework\web\CController.php(308): CInlineAction->runWithParams(Array)
#8 Y:\home\localhost\www\YiiPath\framework\web\filters\CFilterChain.php(133): CController->runAction(Object(CInlineAction))
#9 Y:\home\localhost\www\YiiPath\framework\web\CController.php(291): CFilterChain->run()
#10 Y:\home\localhost\www\YiiPath\framework\web\CController.php(265): CController->runActionWithFilters(Object(CInlineAction), Array)
#11 Y:\home\localhost\www\YiiPath\framework\web\CWebApplication.php(282): CController->run('admin')
#12 Y:\home\localhost\www\YiiPath\framework\web\CWebApplication.php(141): CWebApplication->runController('city/admin')
#13 Y:\home\localhost\www\YiiPath\framework\base\CApplication.php(180): CWebApplication->processRequest()
#14 Y:\home\localhost\www\yii_city_game\index.php(13): CApplication->run()
#15 {main}
REQUEST_URI=/yii_city_game/index.php?r=city/admin
---
2014/08/12 09:51:46 [error] [exception.CException] exception 'CException' with message 'Property "CButtonColumn.buttonID" is not defined.' in Y:\home\localhost\www\YiiPath\framework\base\CComponent.php:173
Stack trace:
#0 Y:\home\localhost\www\YiiPath\framework\YiiBase.php(220): CComponent->__set('buttonID', 'delete')
#1 Y:\home\localhost\www\YiiPath\framework\zii\widgets\grid\CGridView.php(388): YiiBase::createComponent(Array, Object(CGridView))
#2 Y:\home\localhost\www\YiiPath\framework\zii\widgets\grid\CGridView.php(359): CGridView->initColumns()
#3 Y:\home\localhost\www\YiiPath\framework\web\CBaseController.php(147): CGridView->init()
#4 Y:\home\localhost\www\YiiPath\framework\web\CBaseController.php(172): CBaseController->createWidget('zii.widgets.gri...', Array)
#5 Y:\home\localhost\www\yii_city_game\protected\views\city\admin.php(35): CBaseController->widget('zii.widgets.gri...', Array)
#6 Y:\home\localhost\www\YiiPath\framework\web\CBaseController.php(126): require('Y:\home\localho...')
#7 Y:\home\localhost\www\YiiPath\framework\web\CBaseController.php(95): CBaseController->renderInternal('Y:\home\localho...', Array, true)
#8 Y:\home\localhost\www\YiiPath\framework\web\CController.php(869): CBaseController->renderFile('Y:\home\localho...', Array, true)
#9 Y:\home\localhost\www\YiiPath\framework\web\CController.php(782): CController->renderPartial('admin', Array, true)
#10 Y:\home\localhost\www\yii_city_game\protected\controllers\CityController.php(79): CController->render('admin', Array)
#11 Y:\home\localhost\www\YiiPath\framework\web\actions\CInlineAction.php(49): CityController->actionAdmin()
#12 Y:\home\localhost\www\YiiPath\framework\web\CController.php(308): CInlineAction->runWithParams(Array)
#13 Y:\home\localhost\www\YiiPath\framework\web\filters\CFilterChain.php(133): CController->runAction(Object(CInlineAction))
#14 Y:\home\localhost\www\YiiPath\framework\web\CController.php(291): CFilterChain->run()
#15 Y:\home\localhost\www\YiiPath\framework\web\CController.php(265): CController->runActionWithFilters(Object(CInlineAction), Array)
#16 Y:\home\localhost\www\YiiPath\framework\web\CWebApplication.php(282): CController->run('admin')
#17 Y:\home\localhost\www\YiiPath\framework\web\CWebApplication.php(141): CWebApplication->runController('city/admin')
#18 Y:\home\localhost\www\YiiPath\framework\base\CApplication.php(180): CWebApplication->processRequest()
#19 Y:\home\localhost\www\yii_city_game\index.php(13): CApplication->run()
#20 {main}
REQUEST_URI=/yii_city_game/index.php?r=city/admin
---
2014/08/12 09:57:35 [error] [exception.CHttpException.404] exception 'CHttpException' with message 'The system is unable to find the requested action "index".' in Y:\home\localhost\www\YiiPath\framework\web\CController.php:483
Stack trace:
#0 Y:\home\localhost\www\YiiPath\framework\web\CController.php(270): CController->missingAction('index')
#1 Y:\home\localhost\www\YiiPath\framework\web\CWebApplication.php(282): CController->run('index')
#2 Y:\home\localhost\www\YiiPath\framework\web\CWebApplication.php(141): CWebApplication->runController('city/index')
#3 Y:\home\localhost\www\YiiPath\framework\base\CApplication.php(180): CWebApplication->processRequest()
#4 Y:\home\localhost\www\yii_city_game\index.php(13): CApplication->run()
#5 {main}
REQUEST_URI=/yii_city_game/index.php?r=city/index
HTTP_REFERER=http://localhost/yii_city_game/index.php?r=city/admin
---
2014/08/12 10:12:14 [error] [php] strcmp() expects parameter 1 to be string, array given (Y:\home\localhost\www\yii_city_game\protected\extensions\yiistrap\widgets\TbButtonColumn.php:68)
Stack trace:
#0 Y:\home\localhost\www\YiiPath\framework\zii\widgets\grid\CGridColumn.php(151): TbButtonColumn->renderDataCellContent()
#1 Y:\home\localhost\www\YiiPath\framework\zii\widgets\grid\CGridView.php(616): TbButtonColumn->renderDataCell()
#2 Y:\home\localhost\www\YiiPath\framework\zii\widgets\grid\CGridView.php(572): TbGridView->renderTableRow()
#3 Y:\home\localhost\www\YiiPath\framework\zii\widgets\grid\CGridView.php(482): TbGridView->renderTableBody()
#4 Y:\home\localhost\www\YiiPath\framework\zii\widgets\CBaseListView.php(167): TbGridView->renderItems()
#5 unknown(0): TbGridView->renderSection()
#6 Y:\home\localhost\www\YiiPath\framework\zii\widgets\CBaseListView.php(150): preg_replace_callback()
#7 Y:\home\localhost\www\YiiPath\framework\zii\widgets\CBaseListView.php(135): TbGridView->renderContent()
#8 Y:\home\localhost\www\YiiPath\framework\web\CBaseController.php(173): TbGridView->run()
#9 Y:\home\localhost\www\yii_city_game\protected\views\city\admin.php(43): CityController->widget()
#10 Y:\home\localhost\www\YiiPath\framework\web\CBaseController.php(126): require()
#11 Y:\home\localhost\www\YiiPath\framework\web\CBaseController.php(95): CityController->renderInternal()
#12 Y:\home\localhost\www\YiiPath\framework\web\CController.php(869): CityController->renderFile()
#13 Y:\home\localhost\www\YiiPath\framework\web\CController.php(782): CityController->renderPartial()
#14 Y:\home\localhost\www\yii_city_game\protected\controllers\CityController.php(79): CityController->render()
#15 Y:\home\localhost\www\YiiPath\framework\web\actions\CInlineAction.php(49): CityController->actionAdmin()
#16 Y:\home\localhost\www\YiiPath\framework\web\CController.php(308): CInlineAction->runWithParams()
#17 Y:\home\localhost\www\YiiPath\framework\web\filters\CFilterChain.php(133): CityController->runAction()
#18 Y:\home\localhost\www\YiiPath\framework\web\CController.php(291): CFilterChain->run()
#19 Y:\home\localhost\www\YiiPath\framework\web\CController.php(265): CityController->runActionWithFilters()
#20 Y:\home\localhost\www\YiiPath\framework\web\CWebApplication.php(282): CityController->run()
#21 Y:\home\localhost\www\YiiPath\framework\web\CWebApplication.php(141): CWebApplication->runController()
#22 Y:\home\localhost\www\YiiPath\framework\base\CApplication.php(180): CWebApplication->processRequest()
#23 Y:\home\localhost\www\yii_city_game\index.php(13): CWebApplication->run()
REQUEST_URI=/yii_city_game/index.php?r=city/admin
in Y:\home\localhost\www\yii_city_game\protected\extensions\yiistrap\widgets\TbButtonColumn.php (68)
in Y:\home\localhost\www\yii_city_game\protected\views\city\admin.php (43)
in Y:\home\localhost\www\yii_city_game\protected\controllers\CityController.php (79)
2014/08/12 10:12:50 [error] [php] strcmp() expects parameter 1 to be string, array given (Y:\home\localhost\www\yii_city_game\protected\extensions\yiistrap\widgets\TbButtonColumn.php:68)
Stack trace:
#0 Y:\home\localhost\www\YiiPath\framework\zii\widgets\grid\CGridColumn.php(151): TbButtonColumn->renderDataCellContent()
#1 Y:\home\localhost\www\YiiPath\framework\zii\widgets\grid\CGridView.php(616): TbButtonColumn->renderDataCell()
#2 Y:\home\localhost\www\YiiPath\framework\zii\widgets\grid\CGridView.php(572): TbGridView->renderTableRow()
#3 Y:\home\localhost\www\YiiPath\framework\zii\widgets\grid\CGridView.php(482): TbGridView->renderTableBody()
#4 Y:\home\localhost\www\YiiPath\framework\zii\widgets\CBaseListView.php(167): TbGridView->renderItems()
#5 unknown(0): TbGridView->renderSection()
#6 Y:\home\localhost\www\YiiPath\framework\zii\widgets\CBaseListView.php(150): preg_replace_callback()
#7 Y:\home\localhost\www\YiiPath\framework\zii\widgets\CBaseListView.php(135): TbGridView->renderContent()
#8 Y:\home\localhost\www\YiiPath\framework\web\CBaseController.php(173): TbGridView->run()
#9 Y:\home\localhost\www\yii_city_game\protected\views\city\admin.php(43): CityController->widget()
#10 Y:\home\localhost\www\YiiPath\framework\web\CBaseController.php(126): require()
#11 Y:\home\localhost\www\YiiPath\framework\web\CBaseController.php(95): CityController->renderInternal()
#12 Y:\home\localhost\www\YiiPath\framework\web\CController.php(869): CityController->renderFile()
#13 Y:\home\localhost\www\YiiPath\framework\web\CController.php(782): CityController->renderPartial()
#14 Y:\home\localhost\www\yii_city_game\protected\controllers\CityController.php(79): CityController->render()
#15 Y:\home\localhost\www\YiiPath\framework\web\actions\CInlineAction.php(49): CityController->actionAdmin()
#16 Y:\home\localhost\www\YiiPath\framework\web\CController.php(308): CInlineAction->runWithParams()
#17 Y:\home\localhost\www\YiiPath\framework\web\filters\CFilterChain.php(133): CityController->runAction()
#18 Y:\home\localhost\www\YiiPath\framework\web\CController.php(291): CFilterChain->run()
#19 Y:\home\localhost\www\YiiPath\framework\web\CController.php(265): CityController->runActionWithFilters()
#20 Y:\home\localhost\www\YiiPath\framework\web\CWebApplication.php(282): CityController->run()
#21 Y:\home\localhost\www\YiiPath\framework\web\CWebApplication.php(141): CWebApplication->runController()
#22 Y:\home\localhost\www\YiiPath\framework\base\CApplication.php(180): CWebApplication->processRequest()
#23 Y:\home\localhost\www\yii_city_game\index.php(13): CWebApplication->run()
REQUEST_URI=/yii_city_game/index.php?r=city/admin
in Y:\home\localhost\www\yii_city_game\protected\extensions\yiistrap\widgets\TbButtonColumn.php (68)
in Y:\home\localhost\www\yii_city_game\protected\views\city\admin.php (43)
in Y:\home\localhost\www\yii_city_game\protected\controllers\CityController.php (79)
2014/08/12 10:14:16 [error] [php] strcmp() expects parameter 1 to be string, array given (Y:\home\localhost\www\yii_city_game\protected\extensions\yiistrap\widgets\TbButtonColumn.php:68)
Stack trace:
#0 Y:\home\localhost\www\YiiPath\framework\zii\widgets\grid\CGridColumn.php(151): TbButtonColumn->renderDataCellContent()
#1 Y:\home\localhost\www\YiiPath\framework\zii\widgets\grid\CGridView.php(616): TbButtonColumn->renderDataCell()
#2 Y:\home\localhost\www\YiiPath\framework\zii\widgets\grid\CGridView.php(572): TbGridView->renderTableRow()
#3 Y:\home\localhost\www\YiiPath\framework\zii\widgets\grid\CGridView.php(482): TbGridView->renderTableBody()
#4 Y:\home\localhost\www\YiiPath\framework\zii\widgets\CBaseListView.php(167): TbGridView->renderItems()
#5 unknown(0): TbGridView->renderSection()
#6 Y:\home\localhost\www\YiiPath\framework\zii\widgets\CBaseListView.php(150): preg_replace_callback()
#7 Y:\home\localhost\www\YiiPath\framework\zii\widgets\CBaseListView.php(135): TbGridView->renderContent()
#8 Y:\home\localhost\www\YiiPath\framework\web\CBaseController.php(173): TbGridView->run()
#9 Y:\home\localhost\www\yii_city_game\protected\views\city\admin.php(43): CityController->widget()
#10 Y:\home\localhost\www\YiiPath\framework\web\CBaseController.php(126): require()
#11 Y:\home\localhost\www\YiiPath\framework\web\CBaseController.php(95): CityController->renderInternal()
#12 Y:\home\localhost\www\YiiPath\framework\web\CController.php(869): CityController->renderFile()
#13 Y:\home\localhost\www\YiiPath\framework\web\CController.php(782): CityController->renderPartial()
#14 Y:\home\localhost\www\yii_city_game\protected\controllers\CityController.php(79): CityController->render()
#15 Y:\home\localhost\www\YiiPath\framework\web\actions\CInlineAction.php(49): CityController->actionAdmin()
#16 Y:\home\localhost\www\YiiPath\framework\web\CController.php(308): CInlineAction->runWithParams()
#17 Y:\home\localhost\www\YiiPath\framework\web\filters\CFilterChain.php(133): CityController->runAction()
#18 Y:\home\localhost\www\YiiPath\framework\web\CController.php(291): CFilterChain->run()
#19 Y:\home\localhost\www\YiiPath\framework\web\CController.php(265): CityController->runActionWithFilters()
#20 Y:\home\localhost\www\YiiPath\framework\web\CWebApplication.php(282): CityController->run()
#21 Y:\home\localhost\www\YiiPath\framework\web\CWebApplication.php(141): CWebApplication->runController()
#22 Y:\home\localhost\www\YiiPath\framework\base\CApplication.php(180): CWebApplication->processRequest()
#23 Y:\home\localhost\www\yii_city_game\index.php(13): CWebApplication->run()
REQUEST_URI=/yii_city_game/index.php?r=city/admin
in Y:\home\localhost\www\yii_city_game\protected\extensions\yiistrap\widgets\TbButtonColumn.php (68)
in Y:\home\localhost\www\yii_city_game\protected\views\city\admin.php (43)
in Y:\home\localhost\www\yii_city_game\protected\controllers\CityController.php (79)
2014/08/12 10:14:55 [error] [exception.CException] exception 'CException' with message 'Property "TbButtonColumn.delete" is not defined.' in Y:\home\localhost\www\YiiPath\framework\base\CComponent.php:173
Stack trace:
#0 Y:\home\localhost\www\YiiPath\framework\YiiBase.php(220): CComponent->__set('delete', Array)
#1 Y:\home\localhost\www\YiiPath\framework\zii\widgets\grid\CGridView.php(388): YiiBase::createComponent(Array, Object(TbGridView))
#2 Y:\home\localhost\www\yii_city_game\protected\extensions\yiistrap\widgets\TbGridView.php(81): CGridView->initColumns()
#3 Y:\home\localhost\www\YiiPath\framework\zii\widgets\grid\CGridView.php(359): TbGridView->initColumns()
#4 Y:\home\localhost\www\yii_city_game\protected\extensions\yiistrap\widgets\TbGridView.php(50): CGridView->init()
#5 Y:\home\localhost\www\YiiPath\framework\web\CBaseController.php(147): TbGridView->init()
#6 Y:\home\localhost\www\YiiPath\framework\web\CBaseController.php(172): CBaseController->createWidget('bootstrap.widge...', Array)
#7 Y:\home\localhost\www\yii_city_game\protected\views\city\admin.php(43): CBaseController->widget('bootstrap.widge...', Array)
#8 Y:\home\localhost\www\YiiPath\framework\web\CBaseController.php(126): require('Y:\home\localho...')
#9 Y:\home\localhost\www\YiiPath\framework\web\CBaseController.php(95): CBaseController->renderInternal('Y:\home\localho...', Array, true)
#10 Y:\home\localhost\www\YiiPath\framework\web\CController.php(869): CBaseController->renderFile('Y:\home\localho...', Array, true)
#11 Y:\home\localhost\www\YiiPath\framework\web\CController.php(782): CController->renderPartial('admin', Array, true)
#12 Y:\home\localhost\www\yii_city_game\protected\controllers\CityController.php(79): CController->render('admin', Array)
#13 Y:\home\localhost\www\YiiPath\framework\web\actions\CInlineAction.php(49): CityController->actionAdmin()
#14 Y:\home\localhost\www\YiiPath\framework\web\CController.php(308): CInlineAction->runWithParams(Array)
#15 Y:\home\localhost\www\YiiPath\framework\web\filters\CFilterChain.php(133): CController->runAction(Object(CInlineAction))
#16 Y:\home\localhost\www\YiiPath\framework\web\CController.php(291): CFilterChain->run()
#17 Y:\home\localhost\www\YiiPath\framework\web\CController.php(265): CController->runActionWithFilters(Object(CInlineAction), Array)
#18 Y:\home\localhost\www\YiiPath\framework\web\CWebApplication.php(282): CController->run('admin')
#19 Y:\home\localhost\www\YiiPath\framework\web\CWebApplication.php(141): CWebApplication->runController('city/admin')
#20 Y:\home\localhost\www\YiiPath\framework\base\CApplication.php(180): CWebApplication->processRequest()
#21 Y:\home\localhost\www\yii_city_game\index.php(13): CApplication->run()
#22 {main}
REQUEST_URI=/yii_city_game/index.php?r=city/admin
---
2014/08/13 21:05:49 [error] [exception.CDbException] exception 'CDbException' with message 'Table "tbl_gamestep" does not have a column named "gameId".' in Y:\home\localhost\www\YiiPath\framework\db\schema\CDbCommandBuilder.php:694
Stack trace:
#0 Y:\home\localhost\www\YiiPath\framework\db\ar\CActiveRecord.php(1625): CDbCommandBuilder->createColumnCriteria(Object(CMysqlTableSchema), Array, '', Array, '`t`.')
#1 Y:\home\localhost\www\yii_city_game\protected\models\Gamestep.php(132): CActiveRecord->countByAttributes(Array)
#2 Y:\home\localhost\www\yii_city_game\protected\controllers\GamestepController.php(75): Gamestep->getLastStepNumber()
#3 Y:\home\localhost\www\YiiPath\framework\web\actions\CInlineAction.php(49): GamestepController->actionCreate()
#4 Y:\home\localhost\www\YiiPath\framework\web\CController.php(308): CInlineAction->runWithParams(Array)
#5 Y:\home\localhost\www\YiiPath\framework\web\CController.php(286): CController->runAction(Object(CInlineAction))
#6 Y:\home\localhost\www\YiiPath\framework\web\CController.php(265): CController->runActionWithFilters(Object(CInlineAction), Array)
#7 Y:\home\localhost\www\YiiPath\framework\web\CWebApplication.php(282): CController->run('create')
#8 Y:\home\localhost\www\YiiPath\framework\web\CWebApplication.php(141): CWebApplication->runController('gamestep/create')
#9 Y:\home\localhost\www\YiiPath\framework\base\CApplication.php(180): CWebApplication->processRequest()
#10 Y:\home\localhost\www\yii_city_game\index.php(13): CApplication->run()
#11 {main}
REQUEST_URI=/yii_city_game/index.php?r=gamestep/create
HTTP_REFERER=http://localhost/yii_city_game/index.php?r=gamestep/create
---
2014/08/13 21:11:38 [error] [exception.CException] exception 'CException' with message 'Property "CDbCriteria.gameId" is not defined.' in Y:\home\localhost\www\YiiPath\framework\base\CComponent.php:173
Stack trace:
#0 Y:\home\localhost\www\YiiPath\framework\db\schema\CDbCriteria.php(160): CComponent->__set('gameId', NULL)
#1 Y:\home\localhost\www\YiiPath\framework\db\schema\CDbCommandBuilder.php(585): CDbCriteria->__construct(Array)
#2 Y:\home\localhost\www\YiiPath\framework\db\ar\CActiveRecord.php(1455): CDbCommandBuilder->createCriteria(Array, Array)
#3 Y:\home\localhost\www\yii_city_game\protected\models\Gamestep.php(136): CActiveRecord->find(Array)
#4 Y:\home\localhost\www\yii_city_game\protected\components\GameHelper.php(31): Gamestep->getLastStep('0')
#5 Y:\home\localhost\www\yii_city_game\protected\components\GameHelper.php(65): GameHelper::getLastStepLetter()
#6 Y:\home\localhost\www\yii_city_game\protected\controllers\GamestepController.php(92): GameHelper::compAnswer()
#7 Y:\home\localhost\www\YiiPath\framework\web\actions\CInlineAction.php(49): GamestepController->actionCreate()
#8 Y:\home\localhost\www\YiiPath\framework\web\CController.php(308): CInlineAction->runWithParams(Array)
#9 Y:\home\localhost\www\YiiPath\framework\web\CController.php(286): CController->runAction(Object(CInlineAction))
#10 Y:\home\localhost\www\YiiPath\framework\web\CController.php(265): CController->runActionWithFilters(Object(CInlineAction), Array)
#11 Y:\home\localhost\www\YiiPath\framework\web\CWebApplication.php(282): CController->run('create')
#12 Y:\home\localhost\www\YiiPath\framework\web\CWebApplication.php(141): CWebApplication->runController('gamestep/create')
#13 Y:\home\localhost\www\YiiPath\framework\base\CApplication.php(180): CWebApplication->processRequest()
#14 Y:\home\localhost\www\yii_city_game\index.php(13): CApplication->run()
#15 {main}
REQUEST_URI=/yii_city_game/index.php?r=gamestep/create
HTTP_REFERER=http://localhost/yii_city_game/index.php?r=gamestep/create
---
2014/08/13 21:12:40 [error] [exception.CException] exception 'CException' with message 'Property "CDbCriteria.gameId" is not defined.' in Y:\home\localhost\www\YiiPath\framework\base\CComponent.php:173
Stack trace:
#0 Y:\home\localhost\www\YiiPath\framework\db\schema\CDbCriteria.php(160): CComponent->__set('gameId', '2')
#1 Y:\home\localhost\www\YiiPath\framework\db\schema\CDbCommandBuilder.php(585): CDbCriteria->__construct(Array)
#2 Y:\home\localhost\www\YiiPath\framework\db\ar\CActiveRecord.php(1455): CDbCommandBuilder->createCriteria(Array, Array)
#3 Y:\home\localhost\www\yii_city_game\protected\models\Gamestep.php(136): CActiveRecord->find(Array)
#4 Y:\home\localhost\www\yii_city_game\protected\components\GameHelper.php(31): Gamestep->getLastStep('0')
#5 Y:\home\localhost\www\yii_city_game\protected\components\GameHelper.php(65): GameHelper::getLastStepLetter()
#6 Y:\home\localhost\www\yii_city_game\protected\controllers\GamestepController.php(92): GameHelper::compAnswer()
#7 Y:\home\localhost\www\YiiPath\framework\web\actions\CInlineAction.php(49): GamestepController->actionCreate()
#8 Y:\home\localhost\www\YiiPath\framework\web\CController.php(308): CInlineAction->runWithParams(Array)
#9 Y:\home\localhost\www\YiiPath\framework\web\CController.php(286): CController->runAction(Object(CInlineAction))
#10 Y:\home\localhost\www\YiiPath\framework\web\CController.php(265): CController->runActionWithFilters(Object(CInlineAction), Array)
#11 Y:\home\localhost\www\YiiPath\framework\web\CWebApplication.php(282): CController->run('create')
#12 Y:\home\localhost\www\YiiPath\framework\web\CWebApplication.php(141): CWebApplication->runController('gamestep/create')
#13 Y:\home\localhost\www\YiiPath\framework\base\CApplication.php(180): CWebApplication->processRequest()
#14 Y:\home\localhost\www\yii_city_game\index.php(13): CApplication->run()
#15 {main}
REQUEST_URI=/yii_city_game/index.php?r=gamestep/create
HTTP_REFERER=http://localhost/yii_city_game/index.php?r=gamestep/create
---
2014/08/13 21:20:01 [error] [exception.CException] exception 'CException' with message 'Property "CDbCriteria.gameId" is not defined.' in Y:\home\localhost\www\YiiPath\framework\base\CComponent.php:173
Stack trace:
#0 Y:\home\localhost\www\YiiPath\framework\db\schema\CDbCriteria.php(160): CComponent->__set('gameId', '2')
#1 Y:\home\localhost\www\YiiPath\framework\db\schema\CDbCommandBuilder.php(585): CDbCriteria->__construct(Array)
#2 Y:\home\localhost\www\YiiPath\framework\db\ar\CActiveRecord.php(1455): CDbCommandBuilder->createCriteria(Array, Array)
#3 Y:\home\localhost\www\yii_city_game\protected\models\Gamestep.php(136): CActiveRecord->find(Array)
#4 Y:\home\localhost\www\yii_city_game\protected\components\GameHelper.php(31): Gamestep->getLastStep('0')
#5 Y:\home\localhost\www\yii_city_game\protected\components\GameHelper.php(65): GameHelper::getLastStepLetter()
#6 Y:\home\localhost\www\yii_city_game\protected\controllers\GamestepController.php(92): GameHelper::compAnswer()
#7 Y:\home\localhost\www\YiiPath\framework\web\actions\CInlineAction.php(49): GamestepController->actionCreate()
#8 Y:\home\localhost\www\YiiPath\framework\web\CController.php(308): CInlineAction->runWithParams(Array)
#9 Y:\home\localhost\www\YiiPath\framework\web\CController.php(286): CController->runAction(Object(CInlineAction))
#10 Y:\home\localhost\www\YiiPath\framework\web\CController.php(265): CController->runActionWithFilters(Object(CInlineAction), Array)
#11 Y:\home\localhost\www\YiiPath\framework\web\CWebApplication.php(282): CController->run('create')
#12 Y:\home\localhost\www\YiiPath\framework\web\CWebApplication.php(141): CWebApplication->runController('gamestep/create')
#13 Y:\home\localhost\www\YiiPath\framework\base\CApplication.php(180): CWebApplication->processRequest()
#14 Y:\home\localhost\www\yii_city_game\index.php(13): CApplication->run()
#15 {main}
REQUEST_URI=/yii_city_game/index.php?r=gamestep/create
HTTP_REFERER=http://localhost/yii_city_game/index.php?r=gamestep/create
---
2014/08/13 21:25:31 [error] [exception.CException] exception 'CException' with message 'Property "CDbCriteria.gameId" is not defined.' in Y:\home\localhost\www\YiiPath\framework\base\CComponent.php:173
Stack trace:
#0 Y:\home\localhost\www\YiiPath\framework\db\schema\CDbCriteria.php(160): CComponent->__set('gameId', '2')
#1 Y:\home\localhost\www\YiiPath\framework\db\schema\CDbCommandBuilder.php(585): CDbCriteria->__construct(Array)
#2 Y:\home\localhost\www\YiiPath\framework\db\ar\CActiveRecord.php(1455): CDbCommandBuilder->createCriteria(Array, Array)
#3 Y:\home\localhost\www\yii_city_game\protected\models\Gamestep.php(136): CActiveRecord->find(Array)
#4 Y:\home\localhost\www\yii_city_game\protected\components\GameHelper.php(31): Gamestep->getLastStep('0')
#5 Y:\home\localhost\www\yii_city_game\protected\components\GameHelper.php(65): GameHelper::getLastStepLetter()
#6 Y:\home\localhost\www\yii_city_game\protected\controllers\GamestepController.php(92): GameHelper::compAnswer()
#7 Y:\home\localhost\www\YiiPath\framework\web\actions\CInlineAction.php(49): GamestepController->actionCreate()
#8 Y:\home\localhost\www\YiiPath\framework\web\CController.php(308): CInlineAction->runWithParams(Array)
#9 Y:\home\localhost\www\YiiPath\framework\web\CController.php(286): CController->runAction(Object(CInlineAction))
#10 Y:\home\localhost\www\YiiPath\framework\web\CController.php(265): CController->runActionWithFilters(Object(CInlineAction), Array)
#11 Y:\home\localhost\www\YiiPath\framework\web\CWebApplication.php(282): CController->run('create')
#12 Y:\home\localhost\www\YiiPath\framework\web\CWebApplication.php(141): CWebApplication->runController('gamestep/create')
#13 Y:\home\localhost\www\YiiPath\framework\base\CApplication.php(180): CWebApplication->processRequest()
#14 Y:\home\localhost\www\yii_city_game\index.php(13): CApplication->run()
#15 {main}
REQUEST_URI=/yii_city_game/index.php?r=gamestep/create
HTTP_REFERER=http://localhost/yii_city_game/index.php?r=gamestep/create
---
2014/08/14 12:37:39 [error] [exception.CDbException] exception 'CDbException' with message 'CDbConnection failed to open the DB connection: could not find driver' in C:\Web\home\localhost\www\YiiPath\framework\db\CDbConnection.php:382
Stack trace:
#0 C:\Web\home\localhost\www\YiiPath\framework\db\CDbConnection.php(330): CDbConnection->open()
#1 C:\Web\home\localhost\www\YiiPath\framework\db\CDbConnection.php(308): CDbConnection->setActive(true)
#2 C:\Web\home\localhost\www\YiiPath\framework\base\CModule.php(387): CDbConnection->init()
#3 C:\Web\home\localhost\www\YiiPath\framework\base\CApplication.php(450): CModule->getComponent('db')
#4 C:\Web\home\localhost\www\YiiPath\framework\db\ar\CActiveRecord.php(634): CApplication->getDb()
#5 C:\Web\home\localhost\www\YiiPath\framework\db\ar\CActiveRecord.php(2361): CActiveRecord->getDbConnection()
#6 C:\Web\home\localhost\www\YiiPath\framework\db\ar\CActiveRecord.php(411): CActiveRecordMetaData->__construct(Object(Game))
#7 C:\Web\home\localhost\www\YiiPath\framework\db\ar\CActiveRecord.php(79): CActiveRecord->getMetaData()
#8 C:\Web\home\localhost\www\yii_city_game\protected\models\Game.php(119): CActiveRecord->__construct()
#9 C:\Web\home\localhost\www\yii_city_game\protected\components\Session.php(16): Game->gameCreate()
#10 C:\Web\home\localhost\www\yii_city_game\protected\controllers\GameController.php(21): Session::getSession()
#11 C:\Web\home\localhost\www\YiiPath\framework\web\actions\CInlineAction.php(49): GameController->actionStart()
#12 C:\Web\home\localhost\www\YiiPath\framework\web\CController.php(308): CInlineAction->runWithParams(Array)
#13 C:\Web\home\localhost\www\YiiPath\framework\web\CController.php(286): CController->runAction(Object(CInlineAction))
#14 C:\Web\home\localhost\www\YiiPath\framework\web\CController.php(265): CController->runActionWithFilters(Object(CInlineAction), Array)
#15 C:\Web\home\localhost\www\YiiPath\framework\web\CWebApplication.php(282): CController->run('')
#16 C:\Web\home\localhost\www\YiiPath\framework\web\CWebApplication.php(141): CWebApplication->runController('')
#17 C:\Web\home\localhost\www\YiiPath\framework\base\CApplication.php(180): CWebApplication->processRequest()
#18 C:\Web\home\localhost\www\yii_city_game\index.php(13): CApplication->run()
#19 {main}
---
2014/08/14 12:37:51 [error] [exception.CDbException] exception 'CDbException' with message 'CDbConnection failed to open the DB connection: could not find driver' in C:\Web\home\localhost\www\YiiPath\framework\db\CDbConnection.php:382
Stack trace:
#0 C:\Web\home\localhost\www\YiiPath\framework\db\CDbConnection.php(330): CDbConnection->open()
#1 C:\Web\home\localhost\www\YiiPath\framework\db\CDbConnection.php(308): CDbConnection->setActive(true)
#2 C:\Web\home\localhost\www\YiiPath\framework\base\CModule.php(387): CDbConnection->init()
#3 C:\Web\home\localhost\www\YiiPath\framework\base\CApplication.php(450): CModule->getComponent('db')
#4 C:\Web\home\localhost\www\YiiPath\framework\db\ar\CActiveRecord.php(634): CApplication->getDb()
#5 C:\Web\home\localhost\www\YiiPath\framework\db\ar\CActiveRecord.php(2361): CActiveRecord->getDbConnection()
#6 C:\Web\home\localhost\www\YiiPath\framework\db\ar\CActiveRecord.php(411): CActiveRecordMetaData->__construct(Object(Game))
#7 C:\Web\home\localhost\www\YiiPath\framework\db\ar\CActiveRecord.php(79): CActiveRecord->getMetaData()
#8 C:\Web\home\localhost\www\yii_city_game\protected\models\Game.php(119): CActiveRecord->__construct()
#9 C:\Web\home\localhost\www\yii_city_game\protected\components\Session.php(16): Game->gameCreate()
#10 C:\Web\home\localhost\www\yii_city_game\protected\controllers\GameController.php(21): Session::getSession()
#11 C:\Web\home\localhost\www\YiiPath\framework\web\actions\CInlineAction.php(49): GameController->actionStart()
#12 C:\Web\home\localhost\www\YiiPath\framework\web\CController.php(308): CInlineAction->runWithParams(Array)
#13 C:\Web\home\localhost\www\YiiPath\framework\web\CController.php(286): CController->runAction(Object(CInlineAction))
#14 C:\Web\home\localhost\www\YiiPath\framework\web\CController.php(265): CController->runActionWithFilters(Object(CInlineAction), Array)
#15 C:\Web\home\localhost\www\YiiPath\framework\web\CWebApplication.php(282): CController->run('')
#16 C:\Web\home\localhost\www\YiiPath\framework\web\CWebApplication.php(141): CWebApplication->runController('')
#17 C:\Web\home\localhost\www\YiiPath\framework\base\CApplication.php(180): CWebApplication->processRequest()
#18 C:\Web\home\localhost\www\yii_city_game\index.php(13): CApplication->run()
#19 {main}
---
2014/08/14 12:45:22 [error] [exception.CException] exception 'CException' with message 'Property "CDbCriteria.gameId" is not defined.' in Y:\home\localhost\www\YiiPath\framework\base\CComponent.php:173
Stack trace:
#0 Y:\home\localhost\www\YiiPath\framework\db\schema\CDbCriteria.php(160): CComponent->__set('gameId', '1')
#1 Y:\home\localhost\www\YiiPath\framework\db\schema\CDbCommandBuilder.php(585): CDbCriteria->__construct(Array)
#2 Y:\home\localhost\www\YiiPath\framework\db\ar\CActiveRecord.php(1455): CDbCommandBuilder->createCriteria(Array, Array)
#3 Y:\home\localhost\www\yii_city_game\protected\models\Gamestep.php(136): CActiveRecord->find(Array)
#4 Y:\home\localhost\www\yii_city_game\protected\components\GameHelper.php(31): Gamestep->getLastStep('0')
#5 Y:\home\localhost\www\yii_city_game\protected\components\GameHelper.php(65): GameHelper::getLastStepLetter()
#6 Y:\home\localhost\www\yii_city_game\protected\controllers\GamestepController.php(92): GameHelper::compAnswer()
#7 Y:\home\localhost\www\YiiPath\framework\web\actions\CInlineAction.php(49): GamestepController->actionCreate()
#8 Y:\home\localhost\www\YiiPath\framework\web\CController.php(308): CInlineAction->runWithParams(Array)
#9 Y:\home\localhost\www\YiiPath\framework\web\CController.php(286): CController->runAction(Object(CInlineAction))
#10 Y:\home\localhost\www\YiiPath\framework\web\CController.php(265): CController->runActionWithFilters(Object(CInlineAction), Array)
#11 Y:\home\localhost\www\YiiPath\framework\web\CWebApplication.php(282): CController->run('create')
#12 Y:\home\localhost\www\YiiPath\framework\web\CWebApplication.php(141): CWebApplication->runController('gamestep/create')
#13 Y:\home\localhost\www\YiiPath\framework\base\CApplication.php(180): CWebApplication->processRequest()
#14 Y:\home\localhost\www\yii_city_game\index.php(13): CApplication->run()
#15 {main}
REQUEST_URI=/yii_city_game/index.php?r=gamestep/create
HTTP_REFERER=http://localhost/yii_city_game/index.php?r=gamestep/create
---
2014/08/14 13:04:35 [error] [exception.CException] exception 'CException' with message 'Property "CDbCriteria.gameId" is not defined.' in Y:\home\localhost\www\YiiPath\framework\base\CComponent.php:173
Stack trace:
#0 Y:\home\localhost\www\YiiPath\framework\db\schema\CDbCriteria.php(160): CComponent->__set('gameId', '1')
#1 Y:\home\localhost\www\YiiPath\framework\db\schema\CDbCommandBuilder.php(585): CDbCriteria->__construct(Array)
#2 Y:\home\localhost\www\YiiPath\framework\db\ar\CActiveRecord.php(1455): CDbCommandBuilder->createCriteria(Array, Array)
#3 Y:\home\localhost\www\yii_city_game\protected\models\Gamestep.php(136): CActiveRecord->find(Array)
#4 Y:\home\localhost\www\yii_city_game\protected\components\GameHelper.php(31): Gamestep->getLastStep('0')
#5 Y:\home\localhost\www\yii_city_game\protected\components\GameHelper.php(65): GameHelper::getLastStepLetter()
#6 Y:\home\localhost\www\yii_city_game\protected\controllers\GamestepController.php(92): GameHelper::compAnswer()
#7 Y:\home\localhost\www\YiiPath\framework\web\actions\CInlineAction.php(49): GamestepController->actionCreate()
#8 Y:\home\localhost\www\YiiPath\framework\web\CController.php(308): CInlineAction->runWithParams(Array)
#9 Y:\home\localhost\www\YiiPath\framework\web\CController.php(286): CController->runAction(Object(CInlineAction))
#10 Y:\home\localhost\www\YiiPath\framework\web\CController.php(265): CController->runActionWithFilters(Object(CInlineAction), Array)
#11 Y:\home\localhost\www\YiiPath\framework\web\CWebApplication.php(282): CController->run('create')
#12 Y:\home\localhost\www\YiiPath\framework\web\CWebApplication.php(141): CWebApplication->runController('gamestep/create')
#13 Y:\home\localhost\www\YiiPath\framework\base\CApplication.php(180): CWebApplication->processRequest()
#14 Y:\home\localhost\www\yii_city_game\index.php(13): CApplication->run()
#15 {main}
REQUEST_URI=/yii_city_game/index.php?r=gamestep/create
HTTP_REFERER=http://localhost/yii_city_game/index.php?r=gamestep/create
---
2014/08/14 13:14:46 [error] [exception.CException] exception 'CException' with message 'Property "CDbCriteria.gameId" is not defined.' in Y:\home\localhost\www\YiiPath\framework\base\CComponent.php:173
Stack trace:
#0 Y:\home\localhost\www\YiiPath\framework\db\schema\CDbCriteria.php(160): CComponent->__set('gameId', '1')
#1 Y:\home\localhost\www\YiiPath\framework\db\schema\CDbCommandBuilder.php(585): CDbCriteria->__construct(Array)
#2 Y:\home\localhost\www\YiiPath\framework\db\ar\CActiveRecord.php(1455): CDbCommandBuilder->createCriteria(Array, Array)
#3 Y:\home\localhost\www\yii_city_game\protected\models\Gamestep.php(136): CActiveRecord->find(Array)
#4 Y:\home\localhost\www\yii_city_game\protected\components\GameHelper.php(31): Gamestep->getLastStep('0')
#5 Y:\home\localhost\www\yii_city_game\protected\components\GameHelper.php(65): GameHelper::getLastStepLetter()
#6 Y:\home\localhost\www\yii_city_game\protected\controllers\GamestepController.php(92): GameHelper::compAnswer()
#7 Y:\home\localhost\www\YiiPath\framework\web\actions\CInlineAction.php(49): GamestepController->actionCreate()
#8 Y:\home\localhost\www\YiiPath\framework\web\CController.php(308): CInlineAction->runWithParams(Array)
#9 Y:\home\localhost\www\YiiPath\framework\web\CController.php(286): CController->runAction(Object(CInlineAction))
#10 Y:\home\localhost\www\YiiPath\framework\web\CController.php(265): CController->runActionWithFilters(Object(CInlineAction), Array)
#11 Y:\home\localhost\www\YiiPath\framework\web\CWebApplication.php(282): CController->run('create')
#12 Y:\home\localhost\www\YiiPath\framework\web\CWebApplication.php(141): CWebApplication->runController('gamestep/create')
#13 Y:\home\localhost\www\YiiPath\framework\base\CApplication.php(180): CWebApplication->processRequest()
#14 Y:\home\localhost\www\yii_city_game\index.php(13): CApplication->run()
#15 {main}
REQUEST_URI=/yii_city_game/index.php?r=gamestep/create
HTTP_REFERER=http://localhost/yii_city_game/index.php?r=gamestep/create
---
2014/08/14 13:17:27 [error] [exception.CException] exception 'CException' with message 'Property "CDbCriteria.gameId" is not defined.' in Y:\home\localhost\www\YiiPath\framework\base\CComponent.php:173
Stack trace:
#0 Y:\home\localhost\www\YiiPath\framework\db\schema\CDbCriteria.php(160): CComponent->__set('gameId', '1')
#1 Y:\home\localhost\www\YiiPath\framework\db\schema\CDbCommandBuilder.php(585): CDbCriteria->__construct(Array)
#2 Y:\home\localhost\www\YiiPath\framework\db\ar\CActiveRecord.php(1455): CDbCommandBuilder->createCriteria(Array, Array)
#3 Y:\home\localhost\www\yii_city_game\protected\models\Gamestep.php(141): CActiveRecord->find(Array)
#4 Y:\home\localhost\www\yii_city_game\protected\components\GameHelper.php(31): Gamestep->getLastStep('0')
#5 Y:\home\localhost\www\yii_city_game\protected\components\GameHelper.php(65): GameHelper::getLastStepLetter()
#6 Y:\home\localhost\www\yii_city_game\protected\controllers\GamestepController.php(92): GameHelper::compAnswer()
#7 Y:\home\localhost\www\YiiPath\framework\web\actions\CInlineAction.php(49): GamestepController->actionCreate()
#8 Y:\home\localhost\www\YiiPath\framework\web\CController.php(308): CInlineAction->runWithParams(Array)
#9 Y:\home\localhost\www\YiiPath\framework\web\CController.php(286): CController->runAction(Object(CInlineAction))
#10 Y:\home\localhost\www\YiiPath\framework\web\CController.php(265): CController->runActionWithFilters(Object(CInlineAction), Array)
#11 Y:\home\localhost\www\YiiPath\framework\web\CWebApplication.php(282): CController->run('create')
#12 Y:\home\localhost\www\YiiPath\framework\web\CWebApplication.php(141): CWebApplication->runController('gamestep/create')
#13 Y:\home\localhost\www\YiiPath\framework\base\CApplication.php(180): CWebApplication->processRequest()
#14 Y:\home\localhost\www\yii_city_game\index.php(13): CApplication->run()
#15 {main}
REQUEST_URI=/yii_city_game/index.php?r=gamestep/create
HTTP_REFERER=http://localhost/yii_city_game/index.php?r=gamestep/create
---
2014/08/14 13:20:22 [error] [exception.CException] exception 'CException' with message 'Property "CDbCriteria.gameId" is not defined.' in Y:\home\localhost\www\YiiPath\framework\base\CComponent.php:173
Stack trace:
#0 Y:\home\localhost\www\YiiPath\framework\db\schema\CDbCriteria.php(160): CComponent->__set('gameId', '1')
#1 Y:\home\localhost\www\YiiPath\framework\db\schema\CDbCommandBuilder.php(585): CDbCriteria->__construct(Array)
#2 Y:\home\localhost\www\YiiPath\framework\db\ar\CActiveRecord.php(1455): CDbCommandBuilder->createCriteria(Array, Array)
#3 Y:\home\localhost\www\yii_city_game\protected\models\Gamestep.php(141): CActiveRecord->find(Array)
#4 Y:\home\localhost\www\yii_city_game\protected\components\GameHelper.php(31): Gamestep->getLastStep('0')
#5 Y:\home\localhost\www\yii_city_game\protected\components\GameHelper.php(65): GameHelper::getLastStepLetter()
#6 Y:\home\localhost\www\yii_city_game\protected\controllers\GamestepController.php(92): GameHelper::compAnswer()
#7 Y:\home\localhost\www\YiiPath\framework\web\actions\CInlineAction.php(49): GamestepController->actionCreate()
#8 Y:\home\localhost\www\YiiPath\framework\web\CController.php(308): CInlineAction->runWithParams(Array)
#9 Y:\home\localhost\www\YiiPath\framework\web\CController.php(286): CController->runAction(Object(CInlineAction))
#10 Y:\home\localhost\www\YiiPath\framework\web\CController.php(265): CController->runActionWithFilters(Object(CInlineAction), Array)
#11 Y:\home\localhost\www\YiiPath\framework\web\CWebApplication.php(282): CController->run('create')
#12 Y:\home\localhost\www\YiiPath\framework\web\CWebApplication.php(141): CWebApplication->runController('gamestep/create')
#13 Y:\home\localhost\www\YiiPath\framework\base\CApplication.php(180): CWebApplication->processRequest()
#14 Y:\home\localhost\www\yii_city_game\index.php(13): CApplication->run()
#15 {main}
REQUEST_URI=/yii_city_game/index.php?r=gamestep/create
HTTP_REFERER=http://localhost/yii_city_game/index.php?r=gamestep/create
---
2014/08/14 13:33:51 [error] [exception.CException] exception 'CException' with message 'Property "CDbCriteria.gameId" is not defined.' in Y:\home\localhost\www\YiiPath\framework\base\CComponent.php:173
Stack trace:
#0 Y:\home\localhost\www\YiiPath\framework\db\schema\CDbCriteria.php(160): CComponent->__set('gameId', '1')
#1 Y:\home\localhost\www\YiiPath\framework\db\schema\CDbCommandBuilder.php(585): CDbCriteria->__construct(Array)
#2 Y:\home\localhost\www\YiiPath\framework\db\ar\CActiveRecord.php(1455): CDbCommandBuilder->createCriteria(Array, Array)
#3 Y:\home\localhost\www\yii_city_game\protected\models\Gamestep.php(141): CActiveRecord->find(Array)
#4 Y:\home\localhost\www\yii_city_game\protected\components\GameHelper.php(31): Gamestep->getLastStep('0')
#5 Y:\home\localhost\www\yii_city_game\protected\components\GameHelper.php(65): GameHelper::getLastStepLetter()
#6 Y:\home\localhost\www\yii_city_game\protected\controllers\GamestepController.php(93): GameHelper::compAnswer()
#7 Y:\home\localhost\www\YiiPath\framework\web\actions\CInlineAction.php(49): GamestepController->actionCreate()
#8 Y:\home\localhost\www\YiiPath\framework\web\CController.php(308): CInlineAction->runWithParams(Array)
#9 Y:\home\localhost\www\YiiPath\framework\web\CController.php(286): CController->runAction(Object(CInlineAction))
#10 Y:\home\localhost\www\YiiPath\framework\web\CController.php(265): CController->runActionWithFilters(Object(CInlineAction), Array)
#11 Y:\home\localhost\www\YiiPath\framework\web\CWebApplication.php(282): CController->run('create')
#12 Y:\home\localhost\www\YiiPath\framework\web\CWebApplication.php(141): CWebApplication->runController('gamestep/create')
#13 Y:\home\localhost\www\YiiPath\framework\base\CApplication.php(180): CWebApplication->processRequest()
#14 Y:\home\localhost\www\yii_city_game\index.php(13): CApplication->run()
#15 {main}
REQUEST_URI=/yii_city_game/index.php?r=gamestep/create
HTTP_REFERER=http://localhost/yii_city_game/index.php?r=gamestep/create
---
2014/08/14 13:39:47 [error] [exception.CException] exception 'CException' with message 'Property "CDbCriteria.gameId" is not defined.' in Y:\home\localhost\www\YiiPath\framework\base\CComponent.php:173
Stack trace:
#0 Y:\home\localhost\www\YiiPath\framework\db\schema\CDbCriteria.php(160): CComponent->__set('gameId', '1')
#1 Y:\home\localhost\www\YiiPath\framework\db\schema\CDbCommandBuilder.php(585): CDbCriteria->__construct(Array)
#2 Y:\home\localhost\www\YiiPath\framework\db\ar\CActiveRecord.php(1455): CDbCommandBuilder->createCriteria(Array, Array)
#3 Y:\home\localhost\www\yii_city_game\protected\models\Gamestep.php(137): CActiveRecord->find(Array)
#4 Y:\home\localhost\www\yii_city_game\protected\components\GameHelper.php(31): Gamestep->getLastStep('1')
#5 Y:\home\localhost\www\yii_city_game\protected\components\GameHelper.php(65): GameHelper::getLastStepLetter()
#6 Y:\home\localhost\www\yii_city_game\protected\controllers\GamestepController.php(93): GameHelper::compAnswer()
#7 Y:\home\localhost\www\YiiPath\framework\web\actions\CInlineAction.php(49): GamestepController->actionCreate()
#8 Y:\home\localhost\www\YiiPath\framework\web\CController.php(308): CInlineAction->runWithParams(Array)
#9 Y:\home\localhost\www\YiiPath\framework\web\CController.php(286): CController->runAction(Object(CInlineAction))
#10 Y:\home\localhost\www\YiiPath\framework\web\CController.php(265): CController->runActionWithFilters(Object(CInlineAction), Array)
#11 Y:\home\localhost\www\YiiPath\framework\web\CWebApplication.php(282): CController->run('create')
#12 Y:\home\localhost\www\YiiPath\framework\web\CWebApplication.php(141): CWebApplication->runController('gamestep/create')
#13 Y:\home\localhost\www\YiiPath\framework\base\CApplication.php(180): CWebApplication->processRequest()
#14 Y:\home\localhost\www\yii_city_game\index.php(13): CApplication->run()
#15 {main}
REQUEST_URI=/yii_city_game/index.php?r=gamestep/create
HTTP_REFERER=http://localhost/yii_city_game/index.php?r=gamestep/create
---
2014/08/14 13:40:32 [error] [exception.CException] exception 'CException' with message 'Property "CDbCriteria.gameId" is not defined.' in Y:\home\localhost\www\YiiPath\framework\base\CComponent.php:173
Stack trace:
#0 Y:\home\localhost\www\YiiPath\framework\db\schema\CDbCriteria.php(160): CComponent->__set('gameId', '1')
#1 Y:\home\localhost\www\YiiPath\framework\db\schema\CDbCommandBuilder.php(585): CDbCriteria->__construct(Array)
#2 Y:\home\localhost\www\YiiPath\framework\db\ar\CActiveRecord.php(1455): CDbCommandBuilder->createCriteria(Array, Array)
#3 Y:\home\localhost\www\yii_city_game\protected\models\Gamestep.php(137): CActiveRecord->find(Array)
#4 Y:\home\localhost\www\yii_city_game\protected\components\GameHelper.php(31): Gamestep->getLastStep('1')
#5 Y:\home\localhost\www\yii_city_game\protected\components\GameHelper.php(43): GameHelper::getLastStepLetter()
#6 Y:\home\localhost\www\yii_city_game\protected\components\GameHelper.php(84): GameHelper::checkLastAndFirstLetter('????????????')
#7 Y:\home\localhost\www\yii_city_game\protected\controllers\GamestepController.php(79): GameHelper::checkUserstep('????????????')
#8 Y:\home\localhost\www\YiiPath\framework\web\actions\CInlineAction.php(49): GamestepController->actionCreate()
#9 Y:\home\localhost\www\YiiPath\framework\web\CController.php(308): CInlineAction->runWithParams(Array)
#10 Y:\home\localhost\www\YiiPath\framework\web\CController.php(286): CController->runAction(Object(CInlineAction))
#11 Y:\home\localhost\www\YiiPath\framework\web\CController.php(265): CController->runActionWithFilters(Object(CInlineAction), Array)
#12 Y:\home\localhost\www\YiiPath\framework\web\CWebApplication.php(282): CController->run('create')
#13 Y:\home\localhost\www\YiiPath\framework\web\CWebApplication.php(141): CWebApplication->runController('gamestep/create')
#14 Y:\home\localhost\www\YiiPath\framework\base\CApplication.php(180): CWebApplication->processRequest()
#15 Y:\home\localhost\www\yii_city_game\index.php(13): CApplication->run()
#16 {main}
REQUEST_URI=/yii_city_game/index.php?r=gamestep/create
HTTP_REFERER=http://localhost/yii_city_game/index.php?r=gamestep/create
---
2014/08/14 13:47:11 [error] [exception.CException] exception 'CException' with message 'Property "CDbCriteria.gameId" is not defined.' in Y:\home\localhost\www\YiiPath\framework\base\CComponent.php:173
Stack trace:
#0 Y:\home\localhost\www\YiiPath\framework\db\schema\CDbCriteria.php(160): CComponent->__set('gameId', '1')
#1 Y:\home\localhost\www\YiiPath\framework\db\schema\CDbCommandBuilder.php(585): CDbCriteria->__construct(Array)
#2 Y:\home\localhost\www\YiiPath\framework\db\ar\CActiveRecord.php(1469): CDbCommandBuilder->createCriteria(Array, Array)
#3 Y:\home\localhost\www\yii_city_game\protected\models\Gamestep.php(120): CActiveRecord->findAll(Array)
#4 Y:\home\localhost\www\yii_city_game\protected\components\GameHelper.php(15): Gamestep->citiesUsedInGame()
#5 Y:\home\localhost\www\yii_city_game\protected\components\GameHelper.php(88): GameHelper::checkCityAlreadyExist('????????????')
#6 Y:\home\localhost\www\yii_city_game\protected\controllers\GamestepController.php(79): GameHelper::checkUserstep('????????????')
#7 Y:\home\localhost\www\YiiPath\framework\web\actions\CInlineAction.php(49): GamestepController->actionCreate()
#8 Y:\home\localhost\www\YiiPath\framework\web\CController.php(308): CInlineAction->runWithParams(Array)
#9 Y:\home\localhost\www\YiiPath\framework\web\CController.php(286): CController->runAction(Object(CInlineAction))
#10 Y:\home\localhost\www\YiiPath\framework\web\CController.php(265): CController->runActionWithFilters(Object(CInlineAction), Array)
#11 Y:\home\localhost\www\YiiPath\framework\web\CWebApplication.php(282): CController->run('create')
#12 Y:\home\localhost\www\YiiPath\framework\web\CWebApplication.php(141): CWebApplication->runController('gamestep/create')
#13 Y:\home\localhost\www\YiiPath\framework\base\CApplication.php(180): CWebApplication->processRequest()
#14 Y:\home\localhost\www\yii_city_game\index.php(13): CApplication->run()
#15 {main}
REQUEST_URI=/yii_city_game/index.php?r=gamestep/create
HTTP_REFERER=http://localhost/yii_city_game/index.php?r=gamestep/create
---
2014/08/14 13:52:44 [error] [system.db.CDbCommand] CDbCommand::fetchAll() failed: SQLSTATE[HY093]: Invalid parameter number: parameter was not defined. The SQL statement executed was: SELECT name FROM `tbl_city` `t` WHERE firstLetter = :firstLetter.
in Y:\home\localhost\www\yii_city_game\protected\models\City.php (126)
in Y:\home\localhost\www\yii_city_game\protected\components\GameHelper.php (67)
in Y:\home\localhost\www\yii_city_game\protected\controllers\GamestepController.php (92)
2014/08/14 13:52:45 [error] [exception.CDbException] exception 'CDbException' with message 'CDbCommand failed to execute the SQL statement: SQLSTATE[HY093]: Invalid parameter number: parameter was not defined. The SQL statement executed was: SELECT name FROM `tbl_city` `t` WHERE firstLetter = :firstLetter' in Y:\home\localhost\www\YiiPath\framework\db\CDbCommand.php:543
Stack trace:
#0 Y:\home\localhost\www\YiiPath\framework\db\CDbCommand.php(396): CDbCommand->queryInternal('fetchAll', Array, Array)
#1 Y:\home\localhost\www\YiiPath\framework\db\ar\CActiveRecord.php(1351): CDbCommand->queryAll()
#2 Y:\home\localhost\www\YiiPath\framework\db\ar\CActiveRecord.php(1470): CActiveRecord->query(Object(CDbCriteria), true)
#3 Y:\home\localhost\www\yii_city_game\protected\models\City.php(126): CActiveRecord->findAll(Object(CDbCriteria))
#4 Y:\home\localhost\www\yii_city_game\protected\components\GameHelper.php(67): City->findPossibleCities('')
#5 Y:\home\localhost\www\yii_city_game\protected\controllers\GamestepController.php(92): GameHelper::compAnswer()
#6 Y:\home\localhost\www\YiiPath\framework\web\actions\CInlineAction.php(49): GamestepController->actionCreate()
#7 Y:\home\localhost\www\YiiPath\framework\web\CController.php(308): CInlineAction->runWithParams(Array)
#8 Y:\home\localhost\www\YiiPath\framework\web\CController.php(286): CController->runAction(Object(CInlineAction))
#9 Y:\home\localhost\www\YiiPath\framework\web\CController.php(265): CController->runActionWithFilters(Object(CInlineAction), Array)
#10 Y:\home\localhost\www\YiiPath\framework\web\CWebApplication.php(282): CController->run('create')
#11 Y:\home\localhost\www\YiiPath\framework\web\CWebApplication.php(141): CWebApplication->runController('gamestep/create')
#12 Y:\home\localhost\www\YiiPath\framework\base\CApplication.php(180): CWebApplication->processRequest()
#13 Y:\home\localhost\www\yii_city_game\index.php(13): CApplication->run()
#14 {main}
REQUEST_URI=/yii_city_game/index.php?r=gamestep/create
HTTP_REFERER=http://localhost/yii_city_game/index.php?r=gamestep/create
---
2014/08/14 13:54:51 [error] [system.db.CDbCommand] CDbCommand::fetchAll() failed: SQLSTATE[HY093]: Invalid parameter number: parameter was not defined. The SQL statement executed was: SELECT name FROM `tbl_city` `t` WHERE firstLetter = :firstLetter.
in Y:\home\localhost\www\yii_city_game\protected\models\City.php (126)
in Y:\home\localhost\www\yii_city_game\protected\components\GameHelper.php (67)
in Y:\home\localhost\www\yii_city_game\protected\controllers\GamestepController.php (92)
2014/08/14 13:54:52 [error] [exception.CDbException] exception 'CDbException' with message 'CDbCommand failed to execute the SQL statement: SQLSTATE[HY093]: Invalid parameter number: parameter was not defined. The SQL statement executed was: SELECT name FROM `tbl_city` `t` WHERE firstLetter = :firstLetter' in Y:\home\localhost\www\YiiPath\framework\db\CDbCommand.php:543
Stack trace:
#0 Y:\home\localhost\www\YiiPath\framework\db\CDbCommand.php(396): CDbCommand->queryInternal('fetchAll', Array, Array)
#1 Y:\home\localhost\www\YiiPath\framework\db\ar\CActiveRecord.php(1351): CDbCommand->queryAll()
#2 Y:\home\localhost\www\YiiPath\framework\db\ar\CActiveRecord.php(1470): CActiveRecord->query(Object(CDbCriteria), true)
#3 Y:\home\localhost\www\yii_city_game\protected\models\City.php(126): CActiveRecord->findAll(Object(CDbCriteria))
#4 Y:\home\localhost\www\yii_city_game\protected\components\GameHelper.php(67): City->findPossibleCities('')
#5 Y:\home\localhost\www\yii_city_game\protected\controllers\GamestepController.php(92): GameHelper::compAnswer()
#6 Y:\home\localhost\www\YiiPath\framework\web\actions\CInlineAction.php(49): GamestepController->actionCreate()
#7 Y:\home\localhost\www\YiiPath\framework\web\CController.php(308): CInlineAction->runWithParams(Array)
#8 Y:\home\localhost\www\YiiPath\framework\web\CController.php(286): CController->runAction(Object(CInlineAction))
#9 Y:\home\localhost\www\YiiPath\framework\web\CController.php(265): CController->runActionWithFilters(Object(CInlineAction), Array)
#10 Y:\home\localhost\www\YiiPath\framework\web\CWebApplication.php(282): CController->run('create')
#11 Y:\home\localhost\www\YiiPath\framework\web\CWebApplication.php(141): CWebApplication->runController('gamestep/create')
#12 Y:\home\localhost\www\YiiPath\framework\base\CApplication.php(180): CWebApplication->processRequest()
#13 Y:\home\localhost\www\yii_city_game\index.php(13): CApplication->run()
#14 {main}
REQUEST_URI=/yii_city_game/index.php?r=gamestep/create
HTTP_REFERER=http://localhost/yii_city_game/index.php?r=gamestep/create
---
2014/08/14 13:57:43 [error] [system.db.CDbCommand] CDbCommand::fetchAll() failed: SQLSTATE[HY093]: Invalid parameter number: parameter was not defined. The SQL statement executed was: SELECT name FROM `tbl_city` `t` WHERE firstLetter = :firstLetter.
in Y:\home\localhost\www\yii_city_game\protected\models\City.php (123)
in Y:\home\localhost\www\yii_city_game\protected\components\GameHelper.php (67)
in Y:\home\localhost\www\yii_city_game\protected\controllers\GamestepController.php (92)
2014/08/14 13:57:44 [error] [exception.CDbException] exception 'CDbException' with message 'CDbCommand failed to execute the SQL statement: SQLSTATE[HY093]: Invalid parameter number: parameter was not defined. The SQL statement executed was: SELECT name FROM `tbl_city` `t` WHERE firstLetter = :firstLetter' in Y:\home\localhost\www\YiiPath\framework\db\CDbCommand.php:543
Stack trace:
#0 Y:\home\localhost\www\YiiPath\framework\db\CDbCommand.php(396): CDbCommand->queryInternal('fetchAll', Array, Array)
#1 Y:\home\localhost\www\YiiPath\framework\db\ar\CActiveRecord.php(1351): CDbCommand->queryAll()
#2 Y:\home\localhost\www\YiiPath\framework\db\ar\CActiveRecord.php(1470): CActiveRecord->query(Object(CDbCriteria), true)
#3 Y:\home\localhost\www\yii_city_game\protected\models\City.php(123): CActiveRecord->findAll(Object(CDbCriteria))
#4 Y:\home\localhost\www\yii_city_game\protected\components\GameHelper.php(67): City->findPossibleCities('')
#5 Y:\home\localhost\www\yii_city_game\protected\controllers\GamestepController.php(92): GameHelper::compAnswer()
#6 Y:\home\localhost\www\YiiPath\framework\web\actions\CInlineAction.php(49): GamestepController->actionCreate()
#7 Y:\home\localhost\www\YiiPath\framework\web\CController.php(308): CInlineAction->runWithParams(Array)
#8 Y:\home\localhost\www\YiiPath\framework\web\CController.php(286): CController->runAction(Object(CInlineAction))
#9 Y:\home\localhost\www\YiiPath\framework\web\CController.php(265): CController->runActionWithFilters(Object(CInlineAction), Array)
#10 Y:\home\localhost\www\YiiPath\framework\web\CWebApplication.php(282): CController->run('create')
#11 Y:\home\localhost\www\YiiPath\framework\web\CWebApplication.php(141): CWebApplication->runController('gamestep/create')
#12 Y:\home\localhost\www\YiiPath\framework\base\CApplication.php(180): CWebApplication->processRequest()
#13 Y:\home\localhost\www\yii_city_game\index.php(13): CApplication->run()
#14 {main}
REQUEST_URI=/yii_city_game/index.php?r=gamestep/create
HTTP_REFERER=http://localhost/yii_city_game/index.php?r=gamestep/create
---
2014/08/14 14:23:50 [error] [php] Object of class City could not be converted to string (Y:\home\localhost\www\YiiPath\framework\db\CDbCommand.php:275)
Stack trace:
#0 Y:\home\localhost\www\YiiPath\framework\db\schema\CDbCommandBuilder.php(100): CMysqlCommandBuilder->bindValues()
#1 Y:\home\localhost\www\YiiPath\framework\db\ar\CActiveRecord.php(1350): CMysqlCommandBuilder->createFindCommand()
#2 Y:\home\localhost\www\YiiPath\framework\db\ar\CActiveRecord.php(1519): City->query()
#3 Y:\home\localhost\www\yii_city_game\protected\models\City.php(105): City->findByAttributes()
#4 Y:\home\localhost\www\yii_city_game\protected\models\City.php(129): City->getCityByName()
#5 Y:\home\localhost\www\yii_city_game\protected\models\Gamestep.php(109): City->getCityIdByName()
#6 Y:\home\localhost\www\YiiPath\framework\db\ar\CActiveRecord.php(1071): Gamestep->beforeSave()
#7 Y:\home\localhost\www\YiiPath\framework\db\ar\CActiveRecord.php(806): Gamestep->insert()
#8 Y:\home\localhost\www\yii_city_game\protected\models\Gamestep.php(151): Gamestep->save()
#9 Y:\home\localhost\www\yii_city_game\protected\controllers\GamestepController.php(101): Gamestep->saveStep()
#10 Y:\home\localhost\www\YiiPath\framework\web\actions\CInlineAction.php(49): GamestepController->actionCreate()
#11 Y:\home\localhost\www\YiiPath\framework\web\CController.php(308): CInlineAction->runWithParams()
#12 Y:\home\localhost\www\YiiPath\framework\web\CController.php(286): GamestepController->runAction()
#13 Y:\home\localhost\www\YiiPath\framework\web\CController.php(265): GamestepController->runActionWithFilters()
#14 Y:\home\localhost\www\YiiPath\framework\web\CWebApplication.php(282): GamestepController->run()
#15 Y:\home\localhost\www\YiiPath\framework\web\CWebApplication.php(141): CWebApplication->runController()
#16 Y:\home\localhost\www\YiiPath\framework\base\CApplication.php(180): CWebApplication->processRequest()
#17 Y:\home\localhost\www\yii_city_game\index.php(13): CWebApplication->run()
REQUEST_URI=/yii_city_game/index.php?r=gamestep/create
in Y:\home\localhost\www\yii_city_game\protected\models\City.php (105)
in Y:\home\localhost\www\yii_city_game\protected\models\City.php (129)
in Y:\home\localhost\www\yii_city_game\protected\models\Gamestep.php (109)
2014/08/14 15:39:11 [error] [php] strpos() expects parameter 1 to be string, array given (Y:\home\localhost\www\YiiPath\framework\web\CController.php:706)
Stack trace:
#0 Y:\home\localhost\www\YiiPath\framework\web\CController.php(867): GameController->getViewFile()
#1 Y:\home\localhost\www\YiiPath\framework\web\CController.php(782): GameController->renderPartial()
#2 Y:\home\localhost\www\yii_city_game\protected\controllers\GameController.php(30): GameController->render()
#3 Y:\home\localhost\www\YiiPath\framework\web\actions\CInlineAction.php(49): GameController->actionEnd()
#4 Y:\home\localhost\www\YiiPath\framework\web\CController.php(308): CInlineAction->runWithParams()
#5 Y:\home\localhost\www\YiiPath\framework\web\CController.php(286): GameController->runAction()
#6 Y:\home\localhost\www\YiiPath\framework\web\CController.php(265): GameController->runActionWithFilters()
#7 Y:\home\localhost\www\YiiPath\framework\web\CWebApplication.php(282): GameController->run()
#8 Y:\home\localhost\www\YiiPath\framework\web\CWebApplication.php(141): CWebApplication->runController()
#9 Y:\home\localhost\www\YiiPath\framework\base\CApplication.php(180): CWebApplication->processRequest()
#10 Y:\home\localhost\www\yii_city_game\index.php(13): CWebApplication->run()
REQUEST_URI=/yii_city_game/index.php?r=game/end
in Y:\home\localhost\www\yii_city_game\protected\controllers\GameController.php (30)
in Y:\home\localhost\www\yii_city_game\index.php (13)
2014/08/15 12:57:55 [error] [exception.CException] exception 'CException' with message 'CityController cannot find the requested view "_form".' in Y:\home\localhost\www\YiiPath\framework\web\CController.php:878
Stack trace:
#0 Y:\home\localhost\www\yii_city_game\protected\views\city\admin.php(8): CController->renderPartial('_form', Array)
#1 Y:\home\localhost\www\YiiPath\framework\web\CBaseController.php(126): require('Y:\home\localho...')
#2 Y:\home\localhost\www\YiiPath\framework\web\CBaseController.php(95): CBaseController->renderInternal('Y:\home\localho...', Array, true)
#3 Y:\home\localhost\www\YiiPath\framework\web\CController.php(869): CBaseController->renderFile('Y:\home\localho...', Array, true)
#4 Y:\home\localhost\www\YiiPath\framework\web\CController.php(782): CController->renderPartial('admin', Array, true)
#5 Y:\home\localhost\www\yii_city_game\protected\controllers\CityController.php(79): CController->render('admin', Array)
#6 Y:\home\localhost\www\YiiPath\framework\web\actions\CInlineAction.php(49): CityController->actionAdmin()
#7 Y:\home\localhost\www\YiiPath\framework\web\CController.php(308): CInlineAction->runWithParams(Array)
#8 Y:\home\localhost\www\YiiPath\framework\web\filters\CFilterChain.php(133): CController->runAction(Object(CInlineAction))
#9 Y:\home\localhost\www\YiiPath\framework\web\CController.php(291): CFilterChain->run()
#10 Y:\home\localhost\www\YiiPath\framework\web\CController.php(265): CController->runActionWithFilters(Object(CInlineAction), Array)
#11 Y:\home\localhost\www\YiiPath\framework\web\CWebApplication.php(282): CController->run('admin')
#12 Y:\home\localhost\www\YiiPath\framework\web\CWebApplication.php(141): CWebApplication->runController('city/admin')
#13 Y:\home\localhost\www\YiiPath\framework\base\CApplication.php(180): CWebApplication->processRequest()
#14 Y:\home\localhost\www\yii_city_game\index.php(13): CApplication->run()
#15 {main}
REQUEST_URI=/yii_city_game/index.php?r=city/admin
---
2014/08/16 11:42:43 [error] [exception.CException] exception 'CException' with message 'The column must be specified in the format of "Name:Type:Label", where "Type" and "Label" are optional.' in Y:\home\localhost\www\yii_city_game\protected\extensions\yiistrap\widgets\TbGridView.php:93
Stack trace:
#0 Y:\home\localhost\www\YiiPath\framework\zii\widgets\grid\CGridView.php(383): TbGridView->createDataColumn('?????????? ????...')
#1 Y:\home\localhost\www\yii_city_game\protected\extensions\yiistrap\widgets\TbGridView.php(81): CGridView->initColumns()
#2 Y:\home\localhost\www\YiiPath\framework\zii\widgets\grid\CGridView.php(359): TbGridView->initColumns()
#3 Y:\home\localhost\www\yii_city_game\protected\extensions\yiistrap\widgets\TbGridView.php(50): CGridView->init()
#4 Y:\home\localhost\www\YiiPath\framework\web\CBaseController.php(147): TbGridView->init()
#5 Y:\home\localhost\www\YiiPath\framework\web\CBaseController.php(172): CBaseController->createWidget('bootstrap.widge...', Array)
#6 Y:\home\localhost\www\yii_city_game\protected\views\gamestep\create.php(22): CBaseController->widget('bootstrap.widge...', Array)
#7 Y:\home\localhost\www\YiiPath\framework\web\CBaseController.php(126): require('Y:\home\localho...')
#8 Y:\home\localhost\www\YiiPath\framework\web\CBaseController.php(95): CBaseController->renderInternal('Y:\home\localho...', Array, true)
#9 Y:\home\localhost\www\YiiPath\framework\web\CController.php(869): CBaseController->renderFile('Y:\home\localho...', Array, true)
#10 Y:\home\localhost\www\YiiPath\framework\web\CController.php(782): CController->renderPartial('create', Array, true)
#11 Y:\home\localhost\www\yii_city_game\protected\controllers\GamestepController.php(73): CController->render('create', Array)
#12 Y:\home\localhost\www\YiiPath\framework\web\actions\CInlineAction.php(49): GamestepController->actionCreate()
#13 Y:\home\localhost\www\YiiPath\framework\web\CController.php(308): CInlineAction->runWithParams(Array)
#14 Y:\home\localhost\www\YiiPath\framework\web\CController.php(286): CController->runAction(Object(CInlineAction))
#15 Y:\home\localhost\www\YiiPath\framework\web\CController.php(265): CController->runActionWithFilters(Object(CInlineAction), Array)
#16 Y:\home\localhost\www\YiiPath\framework\web\CWebApplication.php(282): CController->run('create')
#17 Y:\home\localhost\www\YiiPath\framework\web\CWebApplication.php(141): CWebApplication->runController('gamestep/create')
#18 Y:\home\localhost\www\YiiPath\framework\base\CApplication.php(180): CWebApplication->processRequest()
#19 Y:\home\localhost\www\yii_city_game\index.php(13): CApplication->run()
#20 {main}
REQUEST_URI=/yii_city_game/index.php?r=gamestep/create
HTTP_REFERER=http://localhost/yii_city_game/index.php?r=gamestep/create
---
2014/08/18 14:22:54 [error] [php] DOMDocument::loadHTMLFile() [<a href='domdocument.loadhtmlfile'>domdocument.loadhtmlfile</a>]: Unable to find the wrapper &quot;https&quot; - did you forget to enable it when you configured PHP? (Y:\home\localhost\www\yii_city_game\protected\components\WikiUtils.php:9)
Stack trace:
#0 Y:\home\localhost\www\yii_city_game\protected\components\GameUtils.php(57): checkCityByWiki()
#1 Y:\home\localhost\www\yii_city_game\protected\controllers\GamestepController.php(41): checkUserStep()
#2 Y:\home\localhost\www\YiiPath\framework\web\actions\CInlineAction.php(49): GamestepController->actionCreate()
#3 Y:\home\localhost\www\YiiPath\framework\web\CController.php(308): CInlineAction->runWithParams()
#4 Y:\home\localhost\www\YiiPath\framework\web\CController.php(286): GamestepController->runAction()
#5 Y:\home\localhost\www\YiiPath\framework\web\CController.php(265): GamestepController->runActionWithFilters()
#6 Y:\home\localhost\www\YiiPath\framework\web\CWebApplication.php(282): GamestepController->run()
#7 Y:\home\localhost\www\YiiPath\framework\web\CWebApplication.php(141): CWebApplication->runController()
#8 Y:\home\localhost\www\YiiPath\framework\base\CApplication.php(180): CWebApplication->processRequest()
#9 Y:\home\localhost\www\yii_city_game\index.php(13): CWebApplication->run()
REQUEST_URI=/yii_city_game/index.php?r=gamestep/create
in Y:\home\localhost\www\yii_city_game\protected\components\WikiUtils.php (9)
in Y:\home\localhost\www\yii_city_game\protected\components\WikiUtils.php (28)
in Y:\home\localhost\www\yii_city_game\protected\components\GameUtils.php (57)
2014/08/18 14:39:02 [error] [php] DOMDocument::loadHTMLFile() [<a href='domdocument.loadhtmlfile'>domdocument.loadhtmlfile</a>]: Unexpected end tag : head in http://ru.wikipedia.org/wiki/%D1%87%D0%B0%D0%B9%D0%BD%D0%B8%D0%BA, line: 38 (Y:\home\localhost\www\yii_city_game\protected\components\WikiUtils.php:9)
Stack trace:
#0 Y:\home\localhost\www\yii_city_game\protected\components\GameUtils.php(57): checkCityByWiki()
#1 Y:\home\localhost\www\yii_city_game\protected\controllers\GamestepController.php(41): checkUserStep()
#2 Y:\home\localhost\www\YiiPath\framework\web\actions\CInlineAction.php(49): GamestepController->actionCreate()
#3 Y:\home\localhost\www\YiiPath\framework\web\CController.php(308): CInlineAction->runWithParams()
#4 Y:\home\localhost\www\YiiPath\framework\web\CController.php(286): GamestepController->runAction()
#5 Y:\home\localhost\www\YiiPath\framework\web\CController.php(265): GamestepController->runActionWithFilters()
#6 Y:\home\localhost\www\YiiPath\framework\web\CWebApplication.php(282): GamestepController->run()
#7 Y:\home\localhost\www\YiiPath\framework\web\CWebApplication.php(141): CWebApplication->runController()
#8 Y:\home\localhost\www\YiiPath\framework\base\CApplication.php(180): CWebApplication->processRequest()
#9 Y:\home\localhost\www\yii_city_game\index.php(13): CWebApplication->run()
REQUEST_URI=/yii_city_game/index.php?r=gamestep/create
in Y:\home\localhost\www\yii_city_game\protected\components\WikiUtils.php (9)
in Y:\home\localhost\www\yii_city_game\protected\components\WikiUtils.php (28)
in Y:\home\localhost\www\yii_city_game\protected\components\GameUtils.php (57)
2014/08/18 17:22:16 [error] [php] file_get_contents(http://ru.wikipedia.org/wiki/%D0%BF%D0%B0%D1%80%D0%B0%D0%BC%D0%BF%D0%B0%D0%BC%D0%BF%D0%B0%D0%BC) [<a href='function.file-get-contents'>function.file-get-contents</a>]: failed to open stream: HTTP request failed! HTTP/1.1 404 Not Found
 (Y:\home\localhost\www\yii_city_game\protected\components\WikiUtils.php:8)
Stack trace:
#0 Y:\home\localhost\www\yii_city_game\protected\controllers\GamestepController.php(32): checkCityByWiki()
#1 Y:\home\localhost\www\YiiPath\framework\web\actions\CInlineAction.php(49): GamestepController->actionCreate()
#2 Y:\home\localhost\www\YiiPath\framework\web\CController.php(308): CInlineAction->runWithParams()
#3 Y:\home\localhost\www\YiiPath\framework\web\CController.php(286): GamestepController->runAction()
#4 Y:\home\localhost\www\YiiPath\framework\web\CController.php(265): GamestepController->runActionWithFilters()
#5 Y:\home\localhost\www\YiiPath\framework\web\CWebApplication.php(282): GamestepController->run()
#6 Y:\home\localhost\www\YiiPath\framework\web\CWebApplication.php(141): CWebApplication->runController()
#7 Y:\home\localhost\www\YiiPath\framework\base\CApplication.php(180): CWebApplication->processRequest()
#8 Y:\home\localhost\www\yii_city_game\index.php(13): CWebApplication->run()
REQUEST_URI=/yii_city_game/index.php?r=gamestep/create
in Y:\home\localhost\www\yii_city_game\protected\components\WikiUtils.php (8)
in Y:\home\localhost\www\yii_city_game\protected\components\WikiUtils.php (23)
in Y:\home\localhost\www\yii_city_game\protected\controllers\GamestepController.php (32)
2014/08/18 17:23:35 [error] [php] file_get_contents(http://ru.wikipedia.org/wiki/%D0%BF%D0%B0%D1%80%D0%B0%D0%BC%D0%BF%D0%B0%D0%BC%D0%BF%D0%B0%D0%BC) [<a href='function.file-get-contents'>function.file-get-contents</a>]: failed to open stream: HTTP request failed! HTTP/1.1 404 Not Found
 (Y:\home\localhost\www\yii_city_game\protected\components\WikiUtils.php:8)
Stack trace:
#0 Y:\home\localhost\www\yii_city_game\protected\controllers\GamestepController.php(32): checkCityByWiki()
#1 Y:\home\localhost\www\YiiPath\framework\web\actions\CInlineAction.php(49): GamestepController->actionCreate()
#2 Y:\home\localhost\www\YiiPath\framework\web\CController.php(308): CInlineAction->runWithParams()
#3 Y:\home\localhost\www\YiiPath\framework\web\CController.php(286): GamestepController->runAction()
#4 Y:\home\localhost\www\YiiPath\framework\web\CController.php(265): GamestepController->runActionWithFilters()
#5 Y:\home\localhost\www\YiiPath\framework\web\CWebApplication.php(282): GamestepController->run()
#6 Y:\home\localhost\www\YiiPath\framework\web\CWebApplication.php(141): CWebApplication->runController()
#7 Y:\home\localhost\www\YiiPath\framework\base\CApplication.php(180): CWebApplication->processRequest()
#8 Y:\home\localhost\www\yii_city_game\index.php(13): CWebApplication->run()
REQUEST_URI=/yii_city_game/index.php?r=gamestep/create
in Y:\home\localhost\www\yii_city_game\protected\components\WikiUtils.php (8)
in Y:\home\localhost\www\yii_city_game\protected\components\WikiUtils.php (23)
in Y:\home\localhost\www\yii_city_game\protected\controllers\GamestepController.php (32)
2014/08/18 17:23:52 [error] [php] Cannot modify header information - headers already sent by (output started at Y:\home\localhost\www\YiiPath\framework\web\CController.php:793) (Y:\home\localhost\www\YiiPath\framework\web\CHttpRequest.php:803)
Stack trace:
#0 Y:\home\localhost\www\yii_city_game\protected\controllers\GamestepController.php(61): GamestepController->redirect()
#1 Y:\home\localhost\www\YiiPath\framework\web\actions\CInlineAction.php(49): GamestepController->actionCreate()
#2 Y:\home\localhost\www\YiiPath\framework\web\CController.php(308): CInlineAction->runWithParams()
#3 Y:\home\localhost\www\YiiPath\framework\web\CController.php(286): GamestepController->runAction()
#4 Y:\home\localhost\www\YiiPath\framework\web\CController.php(265): GamestepController->runActionWithFilters()
#5 Y:\home\localhost\www\YiiPath\framework\web\CWebApplication.php(282): GamestepController->run()
#6 Y:\home\localhost\www\YiiPath\framework\web\CWebApplication.php(141): CWebApplication->runController()
#7 Y:\home\localhost\www\YiiPath\framework\base\CApplication.php(180): CWebApplication->processRequest()
#8 Y:\home\localhost\www\yii_city_game\index.php(13): CWebApplication->run()
REQUEST_URI=/yii_city_game/index.php?r=gamestep/create
in Y:\home\localhost\www\yii_city_game\protected\controllers\GamestepController.php (61)
in Y:\home\localhost\www\yii_city_game\index.php (13)
2014/08/18 18:38:58 [error] [exception.CException] exception 'CException' with message 'City and its behaviors do not have a method or closure named "getCityByName".' in Y:\home\localhost\www\YiiPath\framework\base\CComponent.php:266
Stack trace:
#0 Y:\home\localhost\www\YiiPath\framework\db\ar\CActiveRecord.php(227): CComponent->__call('getCityByName', Array)
#1 Y:\home\localhost\www\yii_city_game\protected\models\City.php(132): CActiveRecord->__call('getCityByName', Array)
#2 Y:\home\localhost\www\yii_city_game\protected\models\City.php(132): City->getCityByName('??????????')
#3 Y:\home\localhost\www\yii_city_game\protected\models\Gamestep.php(106): City->getCityIdByName('??????????')
#4 Y:\home\localhost\www\YiiPath\framework\db\ar\CActiveRecord.php(1071): Gamestep->beforeSave()
#5 Y:\home\localhost\www\YiiPath\framework\db\ar\CActiveRecord.php(806): CActiveRecord->insert(NULL)
#6 Y:\home\localhost\www\yii_city_game\protected\models\Gamestep.php(151): CActiveRecord->save()
#7 Y:\home\localhost\www\yii_city_game\protected\controllers\GamestepController.php(56): Gamestep->saveStep('??????????', 1)
#8 Y:\home\localhost\www\YiiPath\framework\web\actions\CInlineAction.php(49): GamestepController->actionCreate()
#9 Y:\home\localhost\www\YiiPath\framework\web\CController.php(308): CInlineAction->runWithParams(Array)
#10 Y:\home\localhost\www\YiiPath\framework\web\CController.php(286): CController->runAction(Object(CInlineAction))
#11 Y:\home\localhost\www\YiiPath\framework\web\CController.php(265): CController->runActionWithFilters(Object(CInlineAction), Array)
#12 Y:\home\localhost\www\YiiPath\framework\web\CWebApplication.php(282): CController->run('create')
#13 Y:\home\localhost\www\YiiPath\framework\web\CWebApplication.php(141): CWebApplication->runController('gamestep/create')
#14 Y:\home\localhost\www\YiiPath\framework\base\CApplication.php(180): CWebApplication->processRequest()
#15 Y:\home\localhost\www\yii_city_game\index.php(13): CApplication->run()
#16 {main}
REQUEST_URI=/yii_city_game/index.php?r=gamestep/create
HTTP_REFERER=http://localhost/yii_city_game/index.php?r=gamestep/create
---
2014/08/18 18:45:42 [error] [php] file_get_contents(http://ru.wikipedia.org/wiki/%D0%BF%D0%B0%D1%80%D0%B0%D0%BC%D0%BF%D0%B0%D0%BC%D0%BF%D0%B0%D0%BC) [<a href='function.file-get-contents'>function.file-get-contents</a>]: failed to open stream: HTTP request failed! HTTP/1.1 404 Not Found
 (Y:\home\localhost\www\yii_city_game\protected\components\WikiUtils.php:8)
Stack trace:
#0 Y:\home\localhost\www\yii_city_game\protected\controllers\GamestepController.php(33): checkCityByWiki()
#1 Y:\home\localhost\www\YiiPath\framework\web\actions\CInlineAction.php(49): GamestepController->actionCreate()
#2 Y:\home\localhost\www\YiiPath\framework\web\CController.php(308): CInlineAction->runWithParams()
#3 Y:\home\localhost\www\YiiPath\framework\web\CController.php(286): GamestepController->runAction()
#4 Y:\home\localhost\www\YiiPath\framework\web\CController.php(265): GamestepController->runActionWithFilters()
#5 Y:\home\localhost\www\YiiPath\framework\web\CWebApplication.php(282): GamestepController->run()
#6 Y:\home\localhost\www\YiiPath\framework\web\CWebApplication.php(141): CWebApplication->runController()
#7 Y:\home\localhost\www\YiiPath\framework\base\CApplication.php(180): CWebApplication->processRequest()
#8 Y:\home\localhost\www\yii_city_game\index.php(13): CWebApplication->run()
REQUEST_URI=/yii_city_game/index.php?r=gamestep/create
in Y:\home\localhost\www\yii_city_game\protected\components\WikiUtils.php (8)
in Y:\home\localhost\www\yii_city_game\protected\components\WikiUtils.php (23)
in Y:\home\localhost\www\yii_city_game\protected\controllers\GamestepController.php (33)
2014/08/18 18:46:05 [error] [php] file_get_contents(http://ru.wikipedia.org/wiki/%D0%BF%D0%B0%D1%80%D0%B0%D0%BC%D0%BF%D0%B0%D0%BC%D0%BF%D0%B0%D0%BC) [<a href='function.file-get-contents'>function.file-get-contents</a>]: failed to open stream: HTTP request failed! HTTP/1.1 404 Not Found
 (Y:\home\localhost\www\yii_city_game\protected\components\WikiUtils.php:8)
Stack trace:
#0 Y:\home\localhost\www\yii_city_game\protected\controllers\GamestepController.php(33): checkCityByWiki()
#1 Y:\home\localhost\www\YiiPath\framework\web\actions\CInlineAction.php(49): GamestepController->actionCreate()
#2 Y:\home\localhost\www\YiiPath\framework\web\CController.php(308): CInlineAction->runWithParams()
#3 Y:\home\localhost\www\YiiPath\framework\web\CController.php(286): GamestepController->runAction()
#4 Y:\home\localhost\www\YiiPath\framework\web\CController.php(265): GamestepController->runActionWithFilters()
#5 Y:\home\localhost\www\YiiPath\framework\web\CWebApplication.php(282): GamestepController->run()
#6 Y:\home\localhost\www\YiiPath\framework\web\CWebApplication.php(141): CWebApplication->runController()
#7 Y:\home\localhost\www\YiiPath\framework\base\CApplication.php(180): CWebApplication->processRequest()
#8 Y:\home\localhost\www\yii_city_game\index.php(13): CWebApplication->run()
REQUEST_URI=/yii_city_game/index.php?r=gamestep/create
in Y:\home\localhost\www\yii_city_game\protected\components\WikiUtils.php (8)
in Y:\home\localhost\www\yii_city_game\protected\components\WikiUtils.php (25)
in Y:\home\localhost\www\yii_city_game\protected\controllers\GamestepController.php (33)
2014/08/18 18:46:44 [error] [php] file_get_contents(http://ru.wikipedia.org/wiki/%D0%BF%D0%B0%D1%80%D0%B0%D0%BC%D0%BF%D0%B0%D0%BC%D0%BF%D0%B0%D0%BC) [<a href='function.file-get-contents'>function.file-get-contents</a>]: failed to open stream: HTTP request failed! HTTP/1.1 404 Not Found
 (Y:\home\localhost\www\yii_city_game\protected\components\WikiUtils.php:8)
Stack trace:
#0 Y:\home\localhost\www\yii_city_game\protected\controllers\GamestepController.php(33): checkCityByWiki()
#1 Y:\home\localhost\www\YiiPath\framework\web\actions\CInlineAction.php(49): GamestepController->actionCreate()
#2 Y:\home\localhost\www\YiiPath\framework\web\CController.php(308): CInlineAction->runWithParams()
#3 Y:\home\localhost\www\YiiPath\framework\web\CController.php(286): GamestepController->runAction()
#4 Y:\home\localhost\www\YiiPath\framework\web\CController.php(265): GamestepController->runActionWithFilters()
#5 Y:\home\localhost\www\YiiPath\framework\web\CWebApplication.php(282): GamestepController->run()
#6 Y:\home\localhost\www\YiiPath\framework\web\CWebApplication.php(141): CWebApplication->runController()
#7 Y:\home\localhost\www\YiiPath\framework\base\CApplication.php(180): CWebApplication->processRequest()
#8 Y:\home\localhost\www\yii_city_game\index.php(13): CWebApplication->run()
REQUEST_URI=/yii_city_game/index.php?r=gamestep/create
in Y:\home\localhost\www\yii_city_game\protected\components\WikiUtils.php (8)
in Y:\home\localhost\www\yii_city_game\protected\components\WikiUtils.php (25)
in Y:\home\localhost\www\yii_city_game\protected\controllers\GamestepController.php (33)
2014/08/19 19:07:00 [error] [php] file_get_contents(http://ru.wikipedia.org/wiki/%D0%BF%D0%B0%D1%80%D0%B0%D0%BC%D0%BF%D0%B0%D0%BC%D0%BF%D0%B0%D0%BC) [<a href='function.file-get-contents'>function.file-get-contents</a>]: failed to open stream: HTTP request failed! HTTP/1.1 404 Not Found
 (Y:\home\localhost\www\yii_city_game\protected\components\WikiUtils.php:10)
Stack trace:
#0 Y:\home\localhost\www\yii_city_game\protected\components\WikiUtils.php(40): getFirstWikiArticleParagraph()
#1 Y:\home\localhost\www\yii_city_game\protected\controllers\GamestepController.php(33): checkCityByWiki()
#2 Y:\home\localhost\www\YiiPath\framework\web\actions\CInlineAction.php(49): GamestepController->actionCreate()
#3 Y:\home\localhost\www\YiiPath\framework\web\CController.php(308): CInlineAction->runWithParams()
#4 Y:\home\localhost\www\YiiPath\framework\web\CController.php(286): GamestepController->runAction()
#5 Y:\home\localhost\www\YiiPath\framework\web\CController.php(265): GamestepController->runActionWithFilters()
#6 Y:\home\localhost\www\YiiPath\framework\web\CWebApplication.php(282): GamestepController->run()
#7 Y:\home\localhost\www\YiiPath\framework\web\CWebApplication.php(141): CWebApplication->runController()
#8 Y:\home\localhost\www\YiiPath\framework\base\CApplication.php(180): CWebApplication->processRequest()
#9 Y:\home\localhost\www\yii_city_game\index.php(13): CWebApplication->run()
REQUEST_URI=/yii_city_game/index.php?r=gamestep/create
in Y:\home\localhost\www\yii_city_game\protected\components\WikiUtils.php (10)
in Y:\home\localhost\www\yii_city_game\protected\components\WikiUtils.php (24)
in Y:\home\localhost\www\yii_city_game\protected\components\WikiUtils.php (40)
2014/08/22 14:03:39 [error] [php] include(CConsoleComand.php): failed to open stream: No such file or directory (C:\Web\home\localhost\www\YiiPath\framework\YiiBase.php:427)
Stack trace:
#0 C:\Web\home\localhost\www\yii_city_game\protected\commands\CleanCommand.php(2): spl_autoload_call()
#1 C:\Web\home\localhost\www\YiiPath\framework\console\CConsoleCommandRunner.php(166): require_once()
#2 C:\Web\home\localhost\www\YiiPath\framework\console\CConsoleCommandRunner.php(67): CConsoleCommandRunner->createCommand()
#3 C:\Web\home\localhost\www\YiiPath\framework\console\CConsoleApplication.php(92): CConsoleCommandRunner->run()
#4 C:\Web\home\localhost\www\YiiPath\framework\base\CApplication.php(180): CConsoleApplication->processRequest()
#5 C:\Web\home\localhost\www\yii_city_game\console.php(11): CConsoleApplication->run()

2014/08/22 14:05:52 [error] [php] include(PDO.php): failed to open stream: No such file or directory (C:\Web\home\localhost\www\YiiPath\framework\YiiBase.php:427)
Stack trace:
#0 unknown(0): spl_autoload_call()
#1 C:\Web\home\localhost\www\YiiPath\framework\db\CDbConnection.php(425): class_exists()
#2 C:\Web\home\localhost\www\YiiPath\framework\db\CDbConnection.php(374): CDbConnection->createPdoInstance()
#3 C:\Web\home\localhost\www\YiiPath\framework\db\CDbConnection.php(330): CDbConnection->open()
#4 C:\Web\home\localhost\www\YiiPath\framework\db\CDbConnection.php(308): CDbConnection->setActive()
#5 C:\Web\home\localhost\www\YiiPath\framework\base\CModule.php(387): CDbConnection->init()
#6 C:\Web\home\localhost\www\YiiPath\framework\base\CApplication.php(450): CConsoleApplication->getComponent()
#7 C:\Web\home\localhost\www\YiiPath\framework\db\ar\CActiveRecord.php(634): CConsoleApplication->getDb()
#8 C:\Web\home\localhost\www\YiiPath\framework\db\ar\CActiveRecord.php(667): Game->getDbConnection()
#9 C:\Web\home\localhost\www\YiiPath\framework\db\ar\CActiveRecord.php(1469): Game->getCommandBuilder()
#10 C:\Web\home\localhost\www\yii_city_game\protected\commands\CleanCommand.php(15): Game->findAll()
#11 unknown(0): CleanCommand->actionCleanHistory()
#12 C:\Web\home\localhost\www\YiiPath\framework\console\CConsoleCommand.php(172): ReflectionMethod->invokeArgs()
#13 C:\Web\home\localhost\www\YiiPath\framework\console\CConsoleCommandRunner.php(71): CleanCommand->run()
#14 C:\Web\home\localhost\www\YiiPath\framework\console\CConsoleApplication.php(92): CConsoleCommandRunner->run()
#15 C:\Web\home\localhost\www\YiiPath\framework\base\CApplication.php(180): CConsoleApplication->processRequest()
#16 C:\Web\home\localhost\www\yii_city_game\console.php(11): CConsoleApplication->run()

